[2013-11-14 23:18:20] START
[2013-11-14 23:20:05] EDIT battledex/models/db.py: 27
[2013-11-14 23:25:36] EDIT battledex/models/db.py: 0
[2013-11-14 23:28:40] EDIT battledex/models/db.py: 0
[2013-11-14 23:31:44] CREATE default/search_input.html: 0
[2013-11-14 23:31:57] CREATE default/pokefinder.html: 0
[2013-11-14 23:32:21] EDIT battledex/views/default/search_input.html: 59
[2013-11-14 23:32:41] EDIT battledex/controllers/default.py: 40
[2013-11-14 23:32:44] EDIT battledex/controllers/default.py: 0
[2013-11-14 23:33:06] EDIT battledex/controllers/default.py: 0
[2013-11-14 23:33:26] EDIT battledex/views/default/pokefinder.html: 64
[2013-11-14 23:33:50] EDIT battledex/views/default/index.html: -28
[2013-11-14 23:34:20] EDIT battledex/views/layout.html: -6
[2013-11-14 23:35:19] EDIT battledex/models/menu.py: -110
[2013-11-14 23:35:21] EDIT battledex/models/menu.py: 0
[2013-11-15 01:25:22] EDIT battledex/views/default/pokefinder.html: 0
[2013-11-15 02:05:21] DELETE battledex/static/images/favicon.ico: -1
[2013-11-15 02:05:40] DELETE battledex/static/images.zip: -6398
[2013-11-15 02:06:08] UPLOAD /home/www-data/web2py/applications/battledex/static/images/favicon.ico: 1090
[2013-11-15 02:06:59] UPLOAD /home/www-data/web2py/applications/battledex/static/favicon.png: 67
[2013-11-15 02:08:03] DELETE battledex/static/images/favicon.png: -4
[2013-11-15 02:08:16] DELETE battledex/static/images/favicon.ico: -1090
[2013-11-15 02:09:22] DELETE battledex/static/favicon.png: -67
[2013-11-15 02:11:56] UPLOAD /home/www-data/web2py/applications/battledex/static/images/favicon.ico: 1090
[2013-11-15 02:12:36] UPLOAD /home/www-data/web2py/applications/battledex/static/images/favicon.png: 67
[2013-11-15 03:04:57] EDIT battledex/views/default/index.html: 0
[2013-11-15 03:12:08] EDIT battledex/views/default/pokefinder.html: 3
[2013-11-15 03:14:54] EDIT battledex/views/default/pokefinder.html: 0
[2013-11-15 03:15:35] EDIT battledex/views/default/pokefinder.html: 1
[2013-11-15 03:15:43] EDIT battledex/views/default/pokefinder.html: 1
[2013-11-15 03:20:07] EDIT battledex/views/default/pokefinder.html: 0
[2013-11-15 03:27:07] EDIT battledex/views/default/pokefinder.html: 0
[2013-11-15 03:36:05] EDIT battledex/views/default/search_input.html: 0
[2013-11-15 03:36:24] EDIT battledex/views/default/search_input.html: 0
[2013-11-15 03:36:58] EDIT battledex/views/default/search_input.html: 0
[2013-11-15 03:37:10] EDIT battledex/views/default/search_input.html: 0
[2013-11-15 03:37:30] EDIT battledex/views/default/search_input.html: 0
[2013-11-15 03:39:37] EDIT battledex/views/default/search_input.html: -8
[2013-11-15 03:40:24] EDIT battledex/views/default/search_input.html: 8
[2013-11-15 03:40:46] EDIT battledex/views/default/search_input.html: -8
[2013-11-15 03:42:09] EDIT battledex/controllers/default.py: 1
[2013-11-15 03:42:29] EDIT battledex/views/default/search_input.html: 8
[2013-11-15 03:43:09] EDIT battledex/views/default/search_input.html: 0
[2013-11-15 03:43:35] EDIT battledex/views/default/search_input.html: -8
[2013-11-15 03:45:12] EDIT battledex/views/default/pokefinder.html: 0
[2013-11-15 03:45:26] EDIT battledex/views/default/search_input.html: 8
[2013-11-15 04:21:44] UPLOAD /home/www-data/web2py/applications/battledex/static/css/normalize.css: 327
[2013-11-15 04:22:05] UPLOAD /home/www-data/web2py/applications/battledex/static/css/foundation.min.css: 1
[2013-11-15 04:22:30] UPLOAD /home/www-data/web2py/applications/battledex/static/css/foundation.css: 4360
[2013-11-15 04:23:47] EDIT battledex/views/layout.html: 3
[2013-11-15 04:26:29] EDIT battledex/views/default/pokefinder.html: 2
[2013-11-15 04:27:04] EDIT battledex/views/default/pokefinder.html: -2
[2013-11-15 04:27:47] EDIT battledex/views/default/pokefinder.html: 0
[2013-11-15 04:28:24] EDIT battledex/views/layout.html: -1
[2013-11-15 04:28:33] EDIT battledex/views/layout.html: -1
[2013-11-15 04:28:43] EDIT battledex/views/layout.html: -1
[2013-11-15 04:29:46] EDIT battledex/views/layout.html: 1
[2013-11-15 04:30:57] EDIT battledex/views/default/pokefinder.html: 2
[2013-11-15 04:31:37] EDIT battledex/views/default/pokefinder.html: -2
[2013-11-15 04:31:48] EDIT battledex/views/layout.html: -1
[2013-11-15 04:32:36] EDIT battledex/views/layout.html: 1
[2013-11-15 04:33:04] EDIT battledex/views/default/pokefinder.html: 2
[2013-11-15 04:33:06] EDIT battledex/views/default/pokefinder.html: 0
[2013-11-15 04:34:28] EDIT battledex/views/default/pokefinder.html: 1
[2013-11-15 04:34:56] EDIT battledex/views/layout.html: 2
[2013-11-15 04:35:21] EDIT battledex/views/default/pokefinder.html: -1
[2013-11-15 04:35:38] EDIT battledex/views/default/pokefinder.html: -2
[2013-11-15 04:35:53] EDIT battledex/views/layout.html: -3
[2013-11-15 06:35:51] EDIT battledex/views/default/search_input.html: 4
[2013-11-15 06:36:47] EDIT battledex/views/default/search_input.html: -4
[2013-11-15 06:37:58] EDIT battledex/views/default/pokefinder.html: 2
[2013-11-15 06:39:49] EDIT battledex/views/default/pokefinder.html: 0
[2013-11-15 06:40:52] EDIT battledex/views/default/pokefinder.html: 2
[2013-11-15 06:41:11] EDIT battledex/views/default/pokefinder.html: 0
[2013-11-15 06:41:58] EDIT battledex/views/default/pokefinder.html: -1
[2013-11-15 06:42:02] EDIT battledex/views/default/pokefinder.html: 0
[2013-11-15 06:42:20] EDIT battledex/views/default/pokefinder.html: 0
[2013-11-15 06:42:41] EDIT battledex/views/default/pokefinder.html: 0
[2013-11-15 06:42:56] EDIT battledex/views/default/pokefinder.html: 0
[2013-11-15 06:43:04] EDIT battledex/views/default/pokefinder.html: 0
[2013-11-15 06:43:58] EDIT battledex/views/default/pokefinder.html: -1
[2013-11-17 21:47:40] EDIT battledex/controllers/default.py: 1
[2013-11-17 21:47:40] EDIT battledex/controllers/default.py: 0
[2013-11-17 21:48:03] EDIT battledex/views/default/pokefinder.html: 1
[2013-11-17 21:50:08] EDIT battledex/controllers/default.py: 0
[2013-11-17 21:50:12] EDIT battledex/controllers/default.py: 0
[2013-11-17 21:50:34] EDIT battledex/controllers/default.py: 0
[2013-11-17 21:51:01] EDIT battledex/controllers/default.py: 0
[2013-11-17 21:51:15] EDIT battledex/controllers/default.py: 0
[2013-11-17 21:53:41] EDIT battledex/controllers/default.py: 1
[2013-11-17 21:53:44] EDIT battledex/controllers/default.py: 0
[2013-11-17 21:53:49] EDIT battledex/controllers/default.py: 0
[2013-11-17 21:59:15] EDIT battledex/views/default/search_input.html: 1
[2013-11-17 21:59:20] EDIT battledex/views/default/search_input.html: 0
[2013-11-17 21:59:38] EDIT battledex/views/default/search_input.html: 0
[2013-11-17 21:59:54] EDIT battledex/views/default/search_input.html: 1
[2013-11-17 22:06:11] EDIT battledex/views/default/pokefinder.html: -1
[2013-11-20 04:27:38] EDIT battledex/models/db.py: 4
[2013-11-20 04:32:28] EDIT battledex/models/db.py: 34
[2013-11-20 04:32:36] EDIT battledex/models/db.py: -1
[2013-11-20 04:32:51] EDIT battledex/models/db.py: -19
[2013-11-20 04:32:58] EDIT battledex/models/db.py: 0
[2013-11-20 04:33:27] EDIT battledex/models/db.py: -14
[2013-11-20 04:36:34] EDIT battledex/models/db.py: 0
[2013-11-20 04:58:25] EDIT battledex/controllers/default.py: 3
[2013-11-20 04:58:35] EDIT battledex/models/menu.py: 1
[2013-11-20 05:01:31] CREATE default/me.html: 0
[2013-11-20 05:01:51] EDIT battledex/views/default/me.html: 1
[2013-11-20 05:02:51] EDIT battledex/views/default/me.html: 0
[2013-11-20 05:02:56] EDIT battledex/views/default/me.html: 0
[2013-11-20 05:04:36] EDIT battledex/models/db.py: 1
[2013-11-20 05:05:16] EDIT battledex/views/default/me.html: 0
[2013-11-20 05:05:53] EDIT battledex/views/default/me.html: 0
[2013-11-20 05:06:04] EDIT battledex/views/default/me.html: 0
[2013-11-20 05:06:18] EDIT battledex/views/default/me.html: 0
[2013-11-20 05:07:49] EDIT battledex/views/default/me.html: -1
[2013-11-20 05:07:58] EDIT battledex/views/default/me.html: 0
[2013-11-20 05:08:22] EDIT battledex/models/menu.py: -1
[2013-11-20 05:08:59] DELETE battledex/views/default/me.html: -3
[2013-11-20 05:10:55] EDIT battledex/views/default/index.html: 1
[2013-11-20 05:11:29] EDIT battledex/views/default/index.html: 0
[2013-11-20 05:12:00] EDIT battledex/models/db.py: 0
[2013-11-20 05:12:02] EDIT battledex/models/db.py: 0
[2013-11-20 05:12:42] EDIT battledex/models/db.py: 0
[2013-11-20 05:13:52] EDIT battledex/models/db.py: 0
[2013-11-20 05:14:50] EDIT battledex/models/db.py: -1
[2013-11-20 05:14:57] EDIT battledex/views/default/index.html: -1
[2013-11-20 05:48:39] EDIT battledex/models/db.py: 25
[2013-11-20 05:48:40] EDIT battledex/models/db.py: 0
[2013-11-20 07:26:53] EDIT battledex/models/db.py: -25
[2013-11-20 07:28:35] EDIT battledex/models/db.py: 25
[2013-11-20 07:48:37] EDIT battledex/views/default/pokefinder.html: 0
[2013-11-20 07:49:36] EDIT battledex/views/default/pokefinder.html: 0
[2013-11-20 07:50:16] EDIT battledex/views/default/pokefinder.html: 0
[2013-11-20 07:50:51] EDIT battledex/views/default/pokefinder.html: 0
[2013-11-20 08:03:53] EDIT battledex/views/default/pokefinder.html: 0
[2013-11-20 23:26:42] EDIT battledex/views/layout.html: 6
[2013-11-20 23:59:31] EDIT battledex/views/layout.html: 0
[2013-11-21 07:33:17] EDIT battledex/views/default/search_input.html: 1
[2013-11-21 07:34:21] EDIT battledex/views/default/pokefinder.html: 1
[2013-11-21 07:34:57] EDIT battledex/views/default/pokefinder.html: 0
[2013-11-21 07:43:48] EDIT battledex/views/default/pokefinder.html: 2
[2013-11-21 07:55:27] EDIT battledex/views/default/search_input.html: -1
[2013-12-07 22:42:24] EDIT battletest/models/db.py: -13
[2013-12-07 22:43:11] EDIT battletest/models/db.py: -8
[2013-12-07 22:44:01] EDIT battletest/models/db.py: -8
[2013-12-07 23:20:56] EDIT battletest/controllers/default.py: 0
[2013-12-07 23:22:06] EDIT battletest/controllers/default.py: 0
[2013-12-07 23:22:49] EDIT battletest/views/default/search_input.html: 0
[2013-12-07 23:28:11] EDIT battletest/views/default/pokefinder.html: 0
[2013-12-07 23:28:13] EDIT battletest/views/default/pokefinder.html: 0
[2013-12-08 00:48:53] EDIT battledex/views/default/search_input.html: 0
[2013-12-08 00:50:43] EDIT battledex/views/default/search_input.html: 0
[2013-12-08 00:52:50] EDIT battledex/controllers/default.py: 0
[2013-12-08 00:53:38] EDIT battledex/views/default/search_input.html: -3
[2013-12-08 00:54:10] EDIT battledex/views/default/search_input.html: -4
[2013-12-08 00:59:05] EDIT battledex/views/layout.html: 0
[2013-12-08 01:01:04] EDIT battledex/views/default/search_input.html: 0
[2013-12-08 01:01:05] EDIT battledex/views/default/search_input.html: 0
[2013-12-08 01:01:05] EDIT battledex/views/default/search_input.html: 0
[2013-12-08 01:01:05] EDIT battledex/views/default/search_input.html: 0
[2013-12-08 01:01:06] EDIT battledex/views/default/search_input.html: 0
[2013-12-08 01:01:06] EDIT battledex/views/default/search_input.html: 0
[2013-12-08 01:01:06] EDIT battledex/views/default/search_input.html: 0
[2013-12-08 01:01:06] EDIT battledex/views/default/search_input.html: 0
[2013-12-08 01:01:06] EDIT battledex/views/default/search_input.html: 0
[2013-12-08 01:01:06] EDIT battledex/views/default/search_input.html: 0
[2013-12-08 01:03:11] EDIT battledex/views/default/search_input.html: 0
[2013-12-08 01:03:31] EDIT battledex/views/default/search_input.html: 0
[2013-12-08 01:04:17] EDIT battledex/views/default/search_input.html: 0
[2013-12-08 01:04:55] EDIT battledex/views/default/search_input.html: 0
[2013-12-08 01:05:22] EDIT battledex/views/default/search_input.html: 0
[2013-12-08 01:06:06] EDIT battledex/views/default/search_input.html: 0
[2013-12-08 01:06:44] EDIT battledex/views/default/search_input.html: 0
[2013-12-08 01:08:31] EDIT battledex/views/default/search_input.html: 4
[2013-12-08 01:09:20] EDIT battledex/views/default/search_input.html: 0
[2013-12-08 01:11:36] EDIT battledex/controllers/default.py: 1
[2013-12-08 01:13:07] EDIT battledex/controllers/default.py: 0
[2013-12-08 01:13:37] EDIT battledex/controllers/default.py: 0
[2013-12-08 01:16:04] EDIT battledex/views/default/search_input.html: 2
[2013-12-08 01:17:21] EDIT battledex/views/default/search_input.html: 2
[2013-12-08 01:17:29] EDIT battledex/views/default/search_input.html: -2
[2013-12-08 01:17:57] EDIT battledex/views/default/search_input.html: -2
[2013-12-08 01:18:42] EDIT battledex/controllers/default.py: 0
[2013-12-08 01:19:38] EDIT battledex/controllers/default.py: 0
[2013-12-08 01:20:14] EDIT battledex/controllers/default.py: 0
[2013-12-08 01:20:36] EDIT battledex/controllers/default.py: -1
[2013-12-08 01:21:40] EDIT battledex/views/default/search_input.html: 1
[2013-12-08 01:35:49] EDIT battledex/views/default/search_input.html: 1
[2013-12-08 01:36:13] EDIT battledex/views/default/search_input.html: 0
[2013-12-08 01:36:18] EDIT battledex/views/default/search_input.html: 0
[2013-12-08 01:37:11] EDIT battledex/views/default/search_input.html: 0
[2013-12-08 01:37:50] EDIT battledex/views/default/search_input.html: -1
[2013-12-08 01:38:07] EDIT battledex/views/default/search_input.html: 0
[2013-12-08 01:51:04] EDIT battledex/views/default/pokefinder.html: 2
[2013-12-08 01:51:27] EDIT battledex/views/default/pokefinder.html: -2
[2013-12-08 01:52:34] EDIT battledex/views/default/pokefinder.html: 0
[2013-12-08 01:52:42] EDIT battledex/views/default/pokefinder.html: 0
[2013-12-08 01:54:47] EDIT battledex/views/default/pokefinder.html: 1
[2013-12-08 01:55:07] EDIT battledex/views/default/pokefinder.html: 0
[2013-12-08 01:56:36] EDIT battledex/views/default/pokefinder.html: 3
[2013-12-08 01:56:59] EDIT battledex/views/default/pokefinder.html: 0
[2013-12-08 01:58:57] EDIT battledex/views/default/pokefinder.html: 0
[2013-12-08 02:00:13] EDIT battledex/views/default/pokefinder.html: -3
[2013-12-08 02:01:28] EDIT battledex/views/default/pokefinder.html: 2
[2013-12-08 02:01:54] EDIT battledex/views/default/pokefinder.html: -1
[2013-12-08 02:02:02] EDIT battledex/views/default/pokefinder.html: 1
[2013-12-08 02:02:11] EDIT battledex/views/default/pokefinder.html: 0
[2013-12-08 02:02:50] EDIT battledex/views/default/pokefinder.html: 1
[2013-12-08 02:04:27] EDIT battledex/views/default/pokefinder.html: 2
[2013-12-08 02:04:35] EDIT battledex/views/default/pokefinder.html: 1
[2013-12-08 02:05:34] EDIT battledex/views/default/pokefinder.html: -2
[2013-12-08 02:06:38] EDIT battledex/views/default/pokefinder.html: 1
[2013-12-08 02:07:53] EDIT battledex/views/default/pokefinder.html: 1
[2013-12-08 02:08:21] EDIT battledex/views/default/pokefinder.html: 0
[2013-12-08 02:08:39] EDIT battledex/views/default/pokefinder.html: -2
[2013-12-08 02:08:53] EDIT battledex/views/default/pokefinder.html: 0
[2013-12-08 02:09:31] EDIT battledex/views/default/pokefinder.html: -3
[2013-12-08 02:10:21] EDIT battledex/controllers/default.py: -2
[2013-12-08 02:12:29] EDIT battledex/views/default/pokefinder.html: -2
[2013-12-08 02:13:23] EDIT battledex/views/default/pokefinder.html: 2
[2013-12-08 02:14:13] EDIT battledex/views/default/pokefinder.html: -2
[2013-12-08 02:21:34] EDIT battledex/controllers/default.py: 0
[2013-12-08 02:21:59] EDIT battledex/controllers/default.py: 0
[2013-12-08 02:24:17] EDIT battledex/controllers/default.py: 0
[2013-12-08 02:33:11] EDIT battledex/controllers/default.py: 0
[2013-12-08 02:33:12] EDIT battledex/controllers/default.py: 0
[2013-12-08 02:33:12] EDIT battledex/controllers/default.py: 0
[2013-12-08 02:33:12] EDIT battledex/controllers/default.py: 0
[2013-12-08 02:34:58] EDIT battledex/controllers/default.py: 0
[2013-12-08 02:35:05] EDIT battledex/controllers/default.py: 0
[2013-12-08 02:48:57] EDIT battledex/controllers/default.py: 4
[2013-12-08 02:49:25] EDIT battledex/controllers/default.py: 2
[2013-12-08 02:49:34] EDIT battledex/controllers/default.py: 2
[2013-12-08 02:50:37] EDIT battledex/controllers/default.py: 2
[2013-12-08 02:50:55] EDIT battledex/controllers/default.py: 0
[2013-12-08 02:51:26] EDIT battledex/controllers/default.py: 0
[2013-12-08 02:51:55] EDIT battledex/controllers/default.py: 0
[2013-12-08 02:52:08] EDIT battledex/views/default/pokefinder.html: 0
[2013-12-08 03:02:05] UPLOAD /home/www-data/web2py/applications/battledex/static/css/bug.gf: 3
[2013-12-08 03:02:17] DELETE battledex/static/css/bug.gf: -3
[2013-12-08 03:04:42] EDIT battledex/views/default/pokefinder.html: 1
[2013-12-08 03:06:17] EDIT battledex/views/default/search_input.html: 0
[2013-12-08 03:06:44] EDIT battledex/views/default/search_input.html: 0
[2013-12-08 03:15:03] EDIT battledex/views/default/search_input.html: 0
[2013-12-08 03:15:21] EDIT battledex/views/default/search_input.html: 0
[2013-12-08 03:15:30] EDIT battledex/views/default/search_input.html: -1
[2013-12-08 03:15:43] EDIT battledex/views/default/search_input.html: 0
[2013-12-08 03:15:50] EDIT battledex/views/default/search_input.html: 1
[2013-12-08 03:16:08] EDIT battledex/views/default/search_input.html: -1
[2013-12-08 03:16:15] EDIT battledex/views/default/search_input.html: -1
[2013-12-08 03:16:28] EDIT battledex/views/default/search_input.html: 1
[2013-12-08 03:16:42] EDIT battledex/views/default/search_input.html: 0
[2013-12-08 03:16:54] EDIT battledex/views/default/search_input.html: 0
[2013-12-08 03:17:03] EDIT battledex/views/default/search_input.html: 1
[2013-12-08 03:17:18] EDIT battledex/views/default/search_input.html: -1
[2013-12-08 03:23:05] EDIT battledex/views/default/pokefinder.html: -1
[2013-12-08 03:24:20] EDIT battledex/views/default/pokefinder.html: 0
[2013-12-08 03:32:20] EDIT battledex/views/default/search_input.html: 1
[2013-12-08 03:32:27] EDIT battledex/views/default/search_input.html: 0
[2013-12-08 03:32:50] EDIT battledex/views/default/search_input.html: 0
[2013-12-08 03:33:15] EDIT battledex/views/default/search_input.html: -1
[2013-12-08 03:35:20] EDIT battledex/views/default/pokefinder.html: 1
[2013-12-08 03:35:47] EDIT battledex/views/default/pokefinder.html: 0
[2013-12-08 03:36:02] EDIT battledex/views/default/pokefinder.html: 0
[2013-12-08 03:42:46] EDIT battledex/views/default/pokefinder.html: 2
[2013-12-08 03:43:15] EDIT battledex/views/default/pokefinder.html: 0
[2013-12-08 03:43:43] EDIT battledex/views/default/pokefinder.html: 0
[2013-12-08 03:45:07] EDIT battledex/views/default/pokefinder.html: 1
[2013-12-08 03:45:39] EDIT battledex/views/default/pokefinder.html: 1
[2013-12-08 03:45:42] EDIT battledex/views/default/pokefinder.html: 0
[2013-12-08 03:46:32] EDIT battledex/views/default/pokefinder.html: 0
[2013-12-08 03:47:56] EDIT battledex/views/default/search_input.html: 3
[2013-12-08 03:51:17] EDIT battledex/views/default/search_input.html: 3
[2013-12-08 03:51:25] EDIT battledex/views/default/search_input.html: 0
[2013-12-08 03:52:01] EDIT battledex/views/default/search_input.html: 1
[2013-12-08 03:52:51] EDIT battledex/views/default/search_input.html: 1
[2013-12-08 03:53:12] EDIT battledex/views/default/search_input.html: -2
[2013-12-08 03:53:51] EDIT battledex/views/default/search_input.html: -1
[2013-12-08 03:54:02] EDIT battledex/views/default/search_input.html: 0
[2013-12-08 03:54:04] EDIT battledex/views/default/search_input.html: 0
[2013-12-08 03:54:46] EDIT battledex/views/default/search_input.html: 3
[2013-12-08 03:55:17] EDIT battledex/views/default/search_input.html: -5
[2013-12-08 03:55:44] EDIT battledex/views/default/search_input.html: -1
[2013-12-08 03:56:02] EDIT battledex/views/default/search_input.html: 1
[2013-12-08 03:56:06] EDIT battledex/views/default/search_input.html: 0
[2013-12-08 03:56:17] EDIT battledex/views/default/search_input.html: 0
[2013-12-08 03:56:23] EDIT battledex/views/default/search_input.html: 0
[2013-12-08 03:57:25] EDIT battledex/views/default/search_input.html: 1
[2013-12-08 03:58:03] EDIT battledex/views/default/search_input.html: 1
[2013-12-08 04:00:16] EDIT battledex/views/default/search_input.html: -2
[2013-12-08 04:00:51] EDIT battledex/views/default/search_input.html: 1
[2013-12-08 04:00:58] EDIT battledex/views/default/search_input.html: -1
[2013-12-08 04:01:17] EDIT battledex/views/default/search_input.html: 0
[2013-12-08 04:02:22] EDIT battledex/views/default/search_input.html: 0
[2013-12-08 04:03:37] EDIT battledex/views/default/search_input.html: 1
[2013-12-08 04:04:26] EDIT battledex/views/default/search_input.html: 1
[2013-12-08 04:05:00] EDIT battledex/views/default/search_input.html: -1
[2013-12-08 04:06:20] EDIT battledex/views/default/search_input.html: 0
[2013-12-08 04:06:45] EDIT battledex/views/default/search_input.html: 1
[2013-12-08 04:06:53] EDIT battledex/views/default/search_input.html: 0
[2013-12-08 04:08:10] EDIT battledex/views/default/search_input.html: -1
[2013-12-08 04:09:22] EDIT battledex/views/default/search_input.html: 1
[2013-12-08 04:09:34] EDIT battledex/views/default/search_input.html: 1
[2013-12-08 04:10:22] EDIT battledex/views/default/search_input.html: -5
[2013-12-08 04:10:39] EDIT battledex/views/default/search_input.html: 1
[2013-12-08 04:10:56] EDIT battledex/views/default/search_input.html: 1
[2013-12-08 04:11:10] EDIT battledex/views/default/search_input.html: 1
[2013-12-08 04:11:23] EDIT battledex/views/default/search_input.html: 1
[2013-12-08 04:11:23] EDIT battledex/views/default/search_input.html: 0
[2013-12-08 04:11:23] EDIT battledex/views/default/search_input.html: 0
[2013-12-08 04:11:23] EDIT battledex/views/default/search_input.html: 0
[2013-12-08 04:11:24] EDIT battledex/views/default/search_input.html: 0
[2013-12-08 04:12:59] EDIT battledex/views/default/search_input.html: 0
[2013-12-08 04:13:55] EDIT battledex/views/default/search_input.html: -2
[2013-12-08 04:14:30] EDIT battledex/views/default/search_input.html: 1
[2013-12-08 04:14:55] EDIT battledex/views/default/search_input.html: -1
[2013-12-08 04:15:02] EDIT battledex/views/default/search_input.html: 1
[2013-12-08 04:15:52] EDIT battledex/views/default/search_input.html: 1
[2013-12-08 04:15:53] EDIT battledex/views/default/search_input.html: 0
[2013-12-08 04:15:53] EDIT battledex/views/default/search_input.html: 0
[2013-12-08 04:15:53] EDIT battledex/views/default/search_input.html: 0
[2013-12-08 04:15:53] EDIT battledex/views/default/search_input.html: 0
[2013-12-08 04:16:06] EDIT battledex/views/default/search_input.html: -1
[2013-12-08 04:16:38] EDIT battledex/views/default/search_input.html: -1
[2013-12-08 04:16:38] EDIT battledex/views/default/search_input.html: 0
[2013-12-08 04:16:38] EDIT battledex/views/default/search_input.html: 0
[2013-12-08 04:16:38] EDIT battledex/views/default/search_input.html: 0
[2013-12-08 04:17:12] EDIT battledex/views/default/search_input.html: 0
[2013-12-08 04:17:26] EDIT battledex/views/default/search_input.html: 0
[2013-12-08 04:17:32] EDIT battledex/views/default/search_input.html: 0
[2013-12-08 04:17:51] EDIT battledex/views/default/search_input.html: 0
[2013-12-08 04:17:55] EDIT battledex/views/default/search_input.html: -1
[2013-12-08 04:18:22] EDIT battledex/views/default/search_input.html: 0
[2013-12-08 04:18:30] EDIT battledex/views/default/search_input.html: 0
[2013-12-08 04:19:05] EDIT battledex/views/default/search_input.html: 0
[2013-12-08 04:20:01] EDIT battledex/views/default/search_input.html: 0
[2013-12-08 04:20:14] EDIT battledex/views/default/search_input.html: -1
[2013-12-08 04:20:26] EDIT battledex/views/default/pokefinder.html: 0
[2013-12-08 04:21:04] EDIT battledex/views/default/search_input.html: -1
[2013-12-08 04:21:15] EDIT battledex/views/default/search_input.html: -2
[2013-12-08 04:21:25] EDIT battledex/views/default/search_input.html: 1
[2013-12-08 04:21:35] EDIT battledex/views/default/search_input.html: 1
[2013-12-08 04:21:35] EDIT battledex/views/default/search_input.html: 0
[2013-12-08 04:21:36] EDIT battledex/views/default/search_input.html: 0
[2013-12-08 04:21:36] EDIT battledex/views/default/search_input.html: 0
[2013-12-08 04:21:36] EDIT battledex/views/default/search_input.html: 0
[2013-12-08 04:21:58] EDIT battledex/views/default/search_input.html: 1
[2013-12-08 04:22:25] EDIT battledex/views/default/search_input.html: 0
[2013-12-08 04:23:01] EDIT battledex/views/default/search_input.html: 0
[2013-12-08 04:24:11] EDIT battledex/views/default/search_input.html: 1
[2013-12-08 04:24:39] EDIT battledex/views/default/search_input.html: 1
[2013-12-08 04:24:40] EDIT battledex/views/default/search_input.html: 0
[2013-12-08 04:25:18] EDIT battledex/views/default/search_input.html: -1
[2013-12-08 04:25:34] EDIT battledex/views/default/search_input.html: 0
[2013-12-08 04:26:38] EDIT battledex/views/default/search_input.html: 2
[2013-12-08 04:26:57] EDIT battledex/views/default/search_input.html: -3
[2013-12-08 04:27:27] EDIT battledex/views/default/search_input.html: 0
[2013-12-08 04:27:28] EDIT battledex/views/default/search_input.html: 0
[2013-12-08 04:27:47] EDIT battledex/views/default/search_input.html: 0
[2013-12-08 04:28:07] EDIT battledex/views/default/search_input.html: 1
[2013-12-08 04:31:06] EDIT battledex/views/default/search_input.html: 1
[2013-12-08 04:31:17] EDIT battledex/views/default/search_input.html: 0
[2013-12-08 04:31:42] EDIT battledex/views/default/search_input.html: 0
[2013-12-08 04:32:05] EDIT battledex/views/default/search_input.html: 1
[2013-12-08 04:32:13] EDIT battledex/views/default/search_input.html: -1
[2013-12-08 04:32:18] EDIT battledex/views/default/search_input.html: 1
[2013-12-08 04:32:21] EDIT battledex/views/default/search_input.html: 0
[2013-12-08 04:32:21] EDIT battledex/views/default/search_input.html: 0
[2013-12-08 04:32:22] EDIT battledex/views/default/search_input.html: 0
[2013-12-08 04:32:22] EDIT battledex/views/default/search_input.html: 0
[2013-12-08 04:33:48] EDIT battledex/views/default/search_input.html: 0
[2013-12-08 04:34:15] EDIT battledex/views/default/search_input.html: 1
[2013-12-08 04:34:25] EDIT battledex/views/default/search_input.html: 0
[2013-12-08 04:34:36] EDIT battledex/views/default/search_input.html: -1
[2013-12-08 04:34:42] EDIT battledex/views/default/search_input.html: -1
[2013-12-08 04:35:35] EDIT battledex/views/default/search_input.html: 0
[2013-12-08 04:35:50] EDIT battledex/views/default/search_input.html: 0
[2013-12-08 04:36:05] EDIT battledex/views/default/search_input.html: 0
[2013-12-08 04:37:29] EDIT battledex/views/default/search_input.html: 4
[2013-12-08 04:37:35] EDIT battledex/views/default/search_input.html: -5
[2013-12-08 04:38:13] EDIT battledex/views/default/search_input.html: 5
[2013-12-08 04:38:32] EDIT battledex/views/default/search_input.html: 0
[2013-12-08 04:38:42] EDIT battledex/views/default/search_input.html: 0
[2013-12-08 04:39:28] EDIT battledex/views/default/search_input.html: 0
[2013-12-08 04:40:00] EDIT battledex/views/default/search_input.html: 4
[2013-12-08 04:40:14] EDIT battledex/views/default/search_input.html: 0
[2013-12-08 04:40:25] EDIT battledex/views/default/search_input.html: 0
[2013-12-08 04:41:07] EDIT battledex/views/default/search_input.html: 0
[2013-12-08 04:41:32] EDIT battledex/views/default/search_input.html: 0
[2013-12-08 04:41:34] EDIT battledex/views/default/search_input.html: 0
[2013-12-08 04:41:42] EDIT battledex/views/default/search_input.html: 0
[2013-12-08 04:42:20] EDIT battledex/views/default/pokefinder.html: 3
[2013-12-08 04:42:35] EDIT battledex/views/default/pokefinder.html: -3
[2013-12-08 04:42:38] EDIT battledex/views/default/pokefinder.html: 0
[2013-12-08 04:43:57] EDIT battledex/views/default/pokefinder.html: 0
[2013-12-08 04:49:11] EDIT battledex/views/default/index.html: 0
[2013-12-08 05:56:13] CREATE default/battlenow.html: 0
[2013-12-08 05:56:28] DELETE battledex/views/default/search_input.html.1: -62
[2013-12-08 05:57:06] EDIT battledex/controllers/default.py: 3
[2013-12-08 05:57:48] EDIT battledex/models/menu.py: 1
[2013-12-08 06:03:29] EDIT battledex/models/db.py: 0
[2013-12-08 08:30:48] EDIT battledex/models/menu.py: -1
[2013-12-08 08:31:58] EDIT battledex/models/menu.py: 0
[2013-12-08 08:37:36] EDIT battledex/views/default/index.html: 3
[2013-12-08 08:41:47] EDIT battledex/views/default/index.html: 3
[2013-12-08 08:42:13] EDIT battledex/views/default/index.html: 0
[2013-12-08 08:48:25] EDIT battledex/views/default/index.html: 0
[2013-12-08 08:52:15] EDIT battledex/controllers/default.py: 0
[2013-12-08 09:07:54] EDIT battledex/views/default/index.html: 0
[2013-12-08 09:08:04] EDIT battledex/views/default/index.html: 1
[2013-12-08 09:10:26] EDIT battledex/views/default/index.html: 0
[2013-12-08 09:10:34] EDIT battledex/views/default/index.html: 0
[2013-12-08 09:26:09] EDIT battledex/views/layout.html: 1
[2013-12-08 09:26:11] EDIT battledex/views/layout.html: 0
[2013-12-08 09:39:01] EDIT battledex/views/default/index.html: 0
[2014-01-06 04:43:46] EDIT battledex/controllers/default.py: 0
[2014-01-19 03:57:35] EDIT battledex/models/db.py: 0
[2014-01-19 03:58:13] EDIT battledex/models/db.py: 0
[2014-01-19 03:59:16] EDIT battledex/models/db.py: 0
[2014-01-19 04:43:07] EDIT battledex/models/db.py: 0
[2014-01-19 04:45:32] EDIT battledex/models/db.py: 0
[2014-01-19 04:45:44] EDIT battledex/models/db.py: 0
[2014-01-19 05:11:36] EDIT battledex/models/db.py: 0
[2014-01-19 05:11:45] EDIT battledex/models/db.py: 0
[2014-01-19 05:14:18] EDIT battledex/views/default/search_input.html: 0
[2014-01-19 05:15:25] EDIT battledex/views/default/pokefinder.html: 1
[2014-01-19 05:16:46] EDIT battledex/views/default/pokefinder.html: 0
[2014-01-19 05:16:48] EDIT battledex/views/default/pokefinder.html: 0
[2014-01-19 05:17:27] EDIT battledex/views/default/pokefinder.html: 0
[2014-01-19 05:17:44] EDIT battledex/views/default/pokefinder.html: 1
[2014-01-19 05:17:48] EDIT battledex/views/default/pokefinder.html: 0
[2014-01-19 05:18:34] EDIT battledex/views/default/pokefinder.html: 0
[2014-01-19 05:18:57] EDIT battledex/views/default/pokefinder.html: 0
[2014-01-19 05:19:09] EDIT battledex/views/default/pokefinder.html: 0
[2014-01-19 05:21:21] EDIT battledex/views/default/index.html: 0
[2014-01-19 19:58:07] EDIT battledex/views/default/index.html: 2
[2014-01-19 19:59:01] EDIT battledex/views/default/index.html: 0
[2014-01-19 20:00:39] EDIT battledex/views/default/index.html: 2
[2014-01-19 20:03:06] EDIT battledex/views/layout.html: 3
[2014-01-19 20:03:08] EDIT battledex/views/layout.html: 0
[2014-01-19 20:03:09] EDIT battledex/views/layout.html: 0
[2014-01-19 20:03:30] EDIT battledex/views/layout.html: 0
[2014-01-19 20:04:01] EDIT battledex/views/layout.html: -2
[2014-01-19 20:05:44] EDIT battledex/views/layout.html: 2
[2014-01-19 20:08:46] EDIT battledex/views/layout.html: 2
[2014-01-19 20:09:13] EDIT battledex/views/layout.html: 0
[2014-01-19 20:09:22] EDIT battledex/views/layout.html: 0
[2014-01-19 20:09:58] EDIT battledex/views/layout.html: 1
[2014-01-19 20:10:07] EDIT battledex/views/layout.html: 0
[2014-01-19 20:10:19] EDIT battledex/views/layout.html: 0
[2014-01-19 20:10:30] EDIT battledex/views/layout.html: 0
[2014-01-19 20:10:57] EDIT battledex/views/layout.html: -1
[2014-01-19 20:11:36] EDIT battledex/views/layout.html: 1
[2014-01-19 20:11:59] EDIT battledex/views/layout.html: -1
[2014-01-19 20:12:12] EDIT battledex/views/layout.html: 1
[2014-01-19 20:12:38] EDIT battledex/views/layout.html: -3
[2014-01-19 20:21:29] EDIT battledex/views/layout.html: 0
[2014-01-19 20:21:49] EDIT battledex/views/layout.html: 0
[2014-01-19 20:22:24] EDIT battledex/views/layout.html: -2
[2014-01-19 20:29:08] EDIT battledex/models/menu.py: 0
[2014-01-19 20:30:13] EDIT battledex/views/default/index.html: 0
[2014-01-19 20:44:03] EDIT battledex/views/default/index.html: 0
[2014-01-19 20:44:27] EDIT battledex/views/default/index.html: 0
[2014-02-15 22:38:19] EDIT battledex/views/default/index.html: -4
[2014-02-16 05:14:20] EDIT battledex/views/default/pokefinder.html: 1
[2014-05-02 07:31:19] EDIT battledex/views/default/index.html: 1
[2014-05-02 07:31:52] EDIT battledex/views/default/index.html: 0
[2014-05-02 07:32:20] EDIT battledex/views/default/index.html: 0
[2014-05-02 07:32:58] EDIT battledex/views/default/index.html: 0
[2014-05-02 07:35:06] EDIT battledex/views/default/index.html: 0
[2014-05-09 18:59:01] EDIT battledex/controllers/default.py: 0
[2014-05-09 19:01:02] CREATE default/enemy_analyzer.html: 0
[2014-05-09 19:01:19] EDIT battledex/views/default/enemy_analyzer.html: 69
[2014-05-09 19:01:38] EDIT battledex/views/default/enemy_analyzer.html: 0
[2014-05-09 19:01:53] EDIT battledex/models/menu.py: 0
[2014-05-09 19:03:05] EDIT battledex/views/default/index.html: 0
[2014-05-12 07:08:17] EDIT battledex/views/layout.html: -5
[2014-05-12 07:09:47] EDIT battledex/views/layout.html: 5
[2014-05-12 07:13:11] EDIT battledex/views/layout.html: -5
[2014-05-12 07:28:30] EDIT battledex/controllers/default.py: 0
[2014-05-12 07:29:14] EDIT battledex/controllers/default.py: 0
[2014-05-12 07:30:13] EDIT battledex/controllers/default.py: -2
[2014-05-12 07:33:25] EDIT battledex/views/default/enemy_analyzer.html: -1
[2014-05-13 05:09:30] EDIT battledex/controllers/default.py: 0
